mysqld, Version: 5.7.33-log (MySQL Community Server (GPL)). started with:
Tcp port: 0  Unix socket: (null)
Time                 Id Command    Argument
# Time: 2021-02-28T08:53:46.311499Z
# User@Host: flopsecurity[flopsecurity] @  [172.21.0.3]  Id:     3
# Query_time: 0.000749  Lock_time: 0.000387 Rows_sent: 1  Rows_examined: 2
use flopsecurity;
SET timestamp=1614502426;
SELECT `utilisateur_id`, `type` FROM utilisateurs WHERE `email` = "admin@example.com" AND `password` = "PHP";
# Time: 2021-02-28T08:53:57.362952Z
# User@Host: flopsecurity[flopsecurity] @  [172.21.0.3]  Id:     4
# Query_time: 0.001082  Lock_time: 0.000755 Rows_sent: 0  Rows_examined: 0
SET timestamp=1614502437;
SELECT * FROM commentaires ORDER BY date_commentaire DESC LIMIT 4;
mysqld, Version: 5.7.33-log (MySQL Community Server (GPL)). started with:
Tcp port: 0  Unix socket: (null)
Time                 Id Command    Argument
# Time: 2021-02-28T09:12:43.287928Z
# User@Host: flopsecurity[flopsecurity] @  [172.21.0.3]  Id:     3
# Query_time: 0.001168  Lock_time: 0.000778 Rows_sent: 0  Rows_examined: 0
use flopsecurity;
SET timestamp=1614503563;
SELECT * FROM commentaires ORDER BY date_commentaire DESC LIMIT 4;
mysqld, Version: 5.7.33-log (MySQL Community Server (GPL)). started with:
Tcp port: 0  Unix socket: (null)
Time                 Id Command    Argument
mysqld, Version: 5.7.33-log (MySQL Community Server (GPL)). started with:
Tcp port: 0  Unix socket: (null)
Time                 Id Command    Argument
mysqld, Version: 5.7.33-log (MySQL Community Server (GPL)). started with:
Tcp port: 0  Unix socket: (null)
Time                 Id Command    Argument
mysqld, Version: 5.7.33-log (MySQL Community Server (GPL)). started with:
Tcp port: 0  Unix socket: (null)
Time                 Id Command    Argument
# Time: 2021-02-28T20:05:30.170368Z
# User@Host: flopsecurity[flopsecurity] @  [172.25.0.6]  Id:     5
# Query_time: 0.000742  Lock_time: 0.000383 Rows_sent: 1  Rows_examined: 2
use flopsecurity;
SET timestamp=1614542730;
SELECT `utilisateur_id`, `type` FROM utilisateurs WHERE `email` = "admin@example.com" AND `password` = "PHP";
# Time: 2021-02-28T20:05:40.304657Z
# User@Host: flopsecurity[flopsecurity] @  [172.25.0.6]  Id:     6
# Query_time: 0.000964  Lock_time: 0.000667 Rows_sent: 0  Rows_examined: 0
SET timestamp=1614542740;
SELECT * FROM commentaires ORDER BY date_commentaire DESC LIMIT 4;
# Time: 2021-03-01T07:47:02.787471Z
# User@Host: flopsecurity[flopsecurity] @  [172.25.0.6]  Id:    10
# Query_time: 0.000728  Lock_time: 0.000342 Rows_sent: 0  Rows_examined: 2
SET timestamp=1614584822;
SELECT `utilisateur_id`, `type` FROM utilisateurs WHERE `email` = "" AND `password` = "";
# Time: 2021-03-01T07:49:59.794158Z
# User@Host: flopsecurity[flopsecurity] @  [172.25.0.6]  Id:    11
# Query_time: 0.000685  Lock_time: 0.000349 Rows_sent: 0  Rows_examined: 2
SET timestamp=1614584999;
SELECT `utilisateur_id`, `type` FROM utilisateurs WHERE `email` = "" AND `password` = "";
# Time: 2021-03-01T07:56:57.687815Z
# User@Host: flopsecurity[flopsecurity] @  [172.25.0.6]  Id:    13
# Query_time: 0.000662  Lock_time: 0.000330 Rows_sent: 0  Rows_examined: 2
SET timestamp=1614585417;
SELECT `utilisateur_id`, `type` FROM utilisateurs WHERE `email` = "toto@hack.com" AND `password` = "password";
# Time: 2021-03-01T08:00:16.556070Z
# User@Host: flopsecurity[flopsecurity] @  [172.25.0.6]  Id:    15
# Query_time: 0.001024  Lock_time: 0.000702 Rows_sent: 0  Rows_examined: 0
SET timestamp=1614585616;
SELECT * FROM commentaires ORDER BY date_commentaire DESC LIMIT 4;
# Time: 2021-03-01T08:02:24.885176Z
# User@Host: flopsecurity[flopsecurity] @  [172.25.0.6]  Id:    17
# Query_time: 0.000657  Lock_time: 0.000327 Rows_sent: 0  Rows_examined: 2
SET timestamp=1614585744;
SELECT `utilisateur_id`, `type` FROM utilisateurs WHERE `email` = "<script>alert('Hello XSS')</script>" AND `password` = "";
# Time: 2021-03-01T08:20:41.565969Z
# User@Host: flopsecurity[flopsecurity] @  [172.25.0.6]  Id:    25
# Query_time: 0.000696  Lock_time: 0.000394 Rows_sent: 1  Rows_examined: 1
SET timestamp=1614586841;
SELECT `utilisateur_id`, `type` FROM utilisateurs WHERE `email` = "" OR 1 LIMIT 1;
# Time: 2021-03-01T08:26:10.946659Z
# User@Host: flopsecurity[flopsecurity] @  [172.25.0.6]  Id:    28
# Query_time: 0.001009  Lock_time: 0.000690 Rows_sent: 0  Rows_examined: 0
SET timestamp=1614587170;
SELECT * FROM commentaires ORDER BY date_commentaire DESC LIMIT 4;
# Time: 2021-03-01T08:26:43.224903Z
# User@Host: flopsecurity[flopsecurity] @  [172.25.0.6]  Id:    29
# Query_time: 0.000605  Lock_time: 0.000297 Rows_sent: 0  Rows_examined: 0
SET timestamp=1614587203;
SELECT * FROM commentaires ORDER BY date_commentaire DESC LIMIT 4;
# Time: 2021-03-01T08:27:25.400351Z
# User@Host: flopsecurity[flopsecurity] @  [172.25.0.6]  Id:    30
# Query_time: 0.000597  Lock_time: 0.000205 Rows_sent: 1  Rows_examined: 2
SET timestamp=1614587245;
SELECT * FROM commentaires ORDER BY date_commentaire DESC LIMIT 4;
# Time: 2021-03-01T08:27:37.974633Z
# User@Host: flopsecurity[flopsecurity] @  [172.25.0.6]  Id:    31
# Query_time: 0.000683  Lock_time: 0.000347 Rows_sent: 0  Rows_examined: 2
SET timestamp=1614587257;
SELECT `utilisateur_id`, `type` FROM utilisateurs WHERE `email` = "SELECT `utilisateur_id` FROM utilisateurs WHERE `email` = "'%fabrice'" AND `password` = "'.$sPassword.'" " AND `password` = "";
# Time: 2021-03-01T08:27:46.346085Z
# User@Host: flopsecurity[flopsecurity] @  [172.25.0.6]  Id:    32
# Query_time: 0.000688  Lock_time: 0.000350 Rows_sent: 0  Rows_examined: 2
SET timestamp=1614587266;
SELECT `utilisateur_id`, `type` FROM utilisateurs WHERE `email` = "1=1'" AND `password` = "";
# Time: 2021-03-01T08:27:53.207640Z
# User@Host: flopsecurity[flopsecurity] @  [172.25.0.6]  Id:    33
# Query_time: 0.000659  Lock_time: 0.000332 Rows_sent: 0  Rows_examined: 2
SET timestamp=1614587273;
SELECT `utilisateur_id`, `type` FROM utilisateurs WHERE `email` = "1=1';" AND `password` = "";
# Time: 2021-03-01T08:28:07.317841Z
# User@Host: flopsecurity[flopsecurity] @  [172.25.0.6]  Id:    34
# Query_time: 0.000759  Lock_time: 0.000415 Rows_sent: 0  Rows_examined: 2
SET timestamp=1614587287;
SELECT `utilisateur_id`, `type` FROM utilisateurs WHERE `email` = "1=1';--" AND `password` = "tr";
# Time: 2021-03-01T08:28:14.848890Z
# User@Host: flopsecurity[flopsecurity] @  [172.25.0.6]  Id:    36
# Query_time: 0.000707  Lock_time: 0.000333 Rows_sent: 0  Rows_examined: 2
SET timestamp=1614587294;
SELECT `utilisateur_id`, `type` FROM utilisateurs WHERE `email` = "SELECT `utilisateur_id` FROM utilisateurs WHERE `email` = "'%fabrice'" AND 1 = SLEEP(2):-- %';" AND `password` = "";
# Time: 2021-03-01T08:28:17.414457Z
# User@Host: flopsecurity[flopsecurity] @  [172.25.0.6]  Id:    37
# Query_time: 0.000753  Lock_time: 0.000300 Rows_sent: 2  Rows_examined: 4
SET timestamp=1614587297;
SELECT * FROM commentaires ORDER BY date_commentaire DESC LIMIT 4;
# Time: 2021-03-01T08:28:44.753766Z
# User@Host: flopsecurity[flopsecurity] @  [172.25.0.6]  Id:    38
# Query_time: 0.000754  Lock_time: 0.000338 Rows_sent: 0  Rows_examined: 2
SET timestamp=1614587324;
SELECT `utilisateur_id`, `type` FROM utilisateurs WHERE `email` = "SELECT `utilisateur_id` FROM utilisateurs WHERE `email` = "'%fabrice'" UNION (SELECT );-- %';" AND `password` = "";
# Time: 2021-03-01T08:28:58.111390Z
# User@Host: flopsecurity[flopsecurity] @  [172.25.0.6]  Id:    39
# Query_time: 0.000610  Lock_time: 0.000201 Rows_sent: 3  Rows_examined: 6
SET timestamp=1614587338;
SELECT * FROM commentaires ORDER BY date_commentaire DESC LIMIT 4;
# Time: 2021-03-01T08:29:08.632068Z
# User@Host: flopsecurity[flopsecurity] @  [172.25.0.6]  Id:    40
# Query_time: 0.000661  Lock_time: 0.000287 Rows_sent: 3  Rows_examined: 6
SET timestamp=1614587348;
SELECT * FROM commentaires ORDER BY date_commentaire DESC LIMIT 4;
# Time: 2021-03-01T08:29:53.395507Z
# User@Host: flopsecurity[flopsecurity] @  [172.25.0.6]  Id:    42
# Query_time: 0.000673  Lock_time: 0.000339 Rows_sent: 0  Rows_examined: 2
SET timestamp=1614587393;
SELECT `utilisateur_id`, `type` FROM utilisateurs WHERE `email` = "SELECT `utilisateur_id` FROM utilisateurs WHERE `email` = "'%fabrice'" UNION (SELECT 1,2,3 FROM dual);-- %';" AND `password` = "";
# Time: 2021-03-01T08:29:59.984385Z
# User@Host: flopsecurity[flopsecurity] @  [172.25.0.6]  Id:    43
# Query_time: 0.000676  Lock_time: 0.000344 Rows_sent: 0  Rows_examined: 2
SET timestamp=1614587399;
SELECT `utilisateur_id`, `type` FROM utilisateurs WHERE `email` = "SELECT `utilisateur_id` FROM utilisateurs WHERE `email` = "'%fabrice'" UNION (SELECT 1,2,3 FROM dual);-- %';" AND `password` = "";
# Time: 2021-03-01T08:30:11.807548Z
# User@Host: flopsecurity[flopsecurity] @  [172.25.0.6]  Id:    44
# Query_time: 0.000689  Lock_time: 0.000370 Rows_sent: 2  Rows_examined: 2
SET timestamp=1614587411;
SELECT `utilisateur_id`, `type` FROM utilisateurs WHERE `email` = "test .'" OR 1=1;
# Time: 2021-03-01T08:31:48.862876Z
# User@Host: flopsecurity[flopsecurity] @  [172.25.0.6]  Id:    45
# Query_time: 0.000975  Lock_time: 0.000678 Rows_sent: 0  Rows_examined: 0
SET timestamp=1614587508;
SELECT * FROM commentaires ORDER BY date_commentaire DESC LIMIT 4;
# Time: 2021-03-01T08:31:52.965321Z
# User@Host: flopsecurity[flopsecurity] @  [172.25.0.6]  Id:    46
# Query_time: 0.000623  Lock_time: 0.000323 Rows_sent: 2  Rows_examined: 2
SET timestamp=1614587512;
SELECT `utilisateur_id`, `type` FROM utilisateurs WHERE `email` = "" OR 1=1 OR 1="" AND `password` = "";
# Time: 2021-03-01T08:31:55.641079Z
# User@Host: flopsecurity[flopsecurity] @  [172.25.0.6]  Id:    47
# Query_time: 0.000500  Lock_time: 0.000183 Rows_sent: 1  Rows_examined: 2
SET timestamp=1614587515;
SELECT * FROM commentaires ORDER BY date_commentaire DESC LIMIT 4;
# Time: 2021-03-01T08:32:03.375123Z
# User@Host: flopsecurity[flopsecurity] @  [172.25.0.6]  Id:    48
# Query_time: 0.000654  Lock_time: 0.000297 Rows_sent: 1  Rows_examined: 2
SET timestamp=1614587523;
SELECT * FROM commentaires ORDER BY date_commentaire DESC LIMIT 4;
# Time: 2021-03-01T08:32:43.719495Z
# User@Host: flopsecurity[flopsecurity] @  [172.25.0.6]  Id:    49
# Query_time: 0.000679  Lock_time: 0.000300 Rows_sent: 1  Rows_examined: 2
SET timestamp=1614587563;
SELECT * FROM commentaires ORDER BY date_commentaire DESC LIMIT 4;
# Time: 2021-03-01T08:32:46.492899Z
# User@Host: flopsecurity[flopsecurity] @  [172.25.0.6]  Id:    50
# Query_time: 0.000720  Lock_time: 0.000349 Rows_sent: 1  Rows_examined: 2
SET timestamp=1614587566;
SELECT * FROM commentaires ORDER BY date_commentaire DESC LIMIT 4;
# Time: 2021-03-01T08:33:43.272130Z
# User@Host: flopsecurity[flopsecurity] @  [172.25.0.6]  Id:    51
# Query_time: 0.000623  Lock_time: 0.000313 Rows_sent: 0  Rows_examined: 2
SET timestamp=1614587623;
SELECT `utilisateur_id`, `type` FROM utilisateurs WHERE `email` = "SELECT `utilisateur_id` FROM utilisateurs WHERE `email` = "'%fabrice'" UNION (SELECT 1,2,3 FROM dual);-- %';" AND `password` = "";
# Time: 2021-03-01T08:37:44.330538Z
# User@Host: flopsecurity[flopsecurity] @  [172.25.0.6]  Id:    53
# Query_time: 0.000659  Lock_time: 0.000326 Rows_sent: 0  Rows_examined: 2
SET timestamp=1614587864;
SELECT `utilisateur_id`, `type` FROM utilisateurs WHERE `email` = "' OR 1=1 OR 1='" AND `password` = "";
# Time: 2021-03-01T08:38:07.057209Z
# User@Host: flopsecurity[flopsecurity] @  [172.25.0.6]  Id:    54
# Query_time: 0.000693  Lock_time: 0.000359 Rows_sent: 0  Rows_examined: 2
SET timestamp=1614587887;
SELECT `utilisateur_id`, `type` FROM utilisateurs WHERE `email` = "' OR 1=1 OR 1='" AND `password` = "";
# Time: 2021-03-01T08:38:45.834193Z
# User@Host: flopsecurity[flopsecurity] @  [172.25.0.6]  Id:    55
# Query_time: 0.001066  Lock_time: 0.000741 Rows_sent: 0  Rows_examined: 0
SET timestamp=1614587925;
SELECT * FROM commentaires ORDER BY date_commentaire DESC LIMIT 4;
# Time: 2021-03-01T08:39:29.399985Z
# User@Host: flopsecurity[flopsecurity] @  [172.25.0.6]  Id:    56
# Query_time: 0.000619  Lock_time: 0.000317 Rows_sent: 2  Rows_examined: 2
SET timestamp=1614587969;
SELECT `utilisateur_id`, `type` FROM utilisateurs WHERE `email` = "" OR 1=1 OR 1="" AND `password` = "";
# Time: 2021-03-01T08:39:33.425740Z
# User@Host: flopsecurity[flopsecurity] @  [172.25.0.6]  Id:    57
# Query_time: 0.000624  Lock_time: 0.000326 Rows_sent: 0  Rows_examined: 0
SET timestamp=1614587973;
SELECT * FROM commentaires ORDER BY date_commentaire DESC LIMIT 4;
# Time: 2021-03-01T08:39:44.846179Z
# User@Host: flopsecurity[flopsecurity] @  [172.25.0.6]  Id:    58
# Query_time: 0.000514  Lock_time: 0.000194 Rows_sent: 1  Rows_examined: 2
SET timestamp=1614587984;
SELECT * FROM commentaires ORDER BY date_commentaire DESC LIMIT 4;
# Time: 2021-03-01T08:40:01.984340Z
# User@Host: flopsecurity[flopsecurity] @  [172.25.0.6]  Id:    59
# Query_time: 0.000601  Lock_time: 0.000273 Rows_sent: 1  Rows_examined: 2
SET timestamp=1614588001;
SELECT * FROM commentaires ORDER BY date_commentaire DESC LIMIT 4;
# Time: 2021-03-01T08:40:03.787738Z
# User@Host: flopsecurity[flopsecurity] @  [172.25.0.6]  Id:    60
# Query_time: 0.000681  Lock_time: 0.000258 Rows_sent: 2  Rows_examined: 4
SET timestamp=1614588003;
SELECT * FROM commentaires ORDER BY date_commentaire DESC LIMIT 4;
# Time: 2021-03-01T08:40:56.918292Z
# User@Host: flopsecurity[flopsecurity] @  [172.25.0.6]  Id:    61
# Query_time: 0.000643  Lock_time: 0.000325 Rows_sent: 0  Rows_examined: 2
SET timestamp=1614588056;
SELECT `utilisateur_id`, `type` FROM utilisateurs WHERE `email` = "select * frm users where username tom";
# Time: 2021-03-01T08:41:38.656466Z
# User@Host: flopsecurity[flopsecurity] @  [172.25.0.6]  Id:    62
# Query_time: 0.000646  Lock_time: 0.000275 Rows_sent: 2  Rows_examined: 4
SET timestamp=1614588098;
SELECT * FROM commentaires ORDER BY date_commentaire DESC LIMIT 4;
# Time: 2021-03-01T08:41:39.985837Z
# User@Host: flopsecurity[flopsecurity] @  [172.25.0.6]  Id:    63
# Query_time: 0.000716  Lock_time: 0.000327 Rows_sent: 2  Rows_examined: 4
SET timestamp=1614588099;
SELECT * FROM commentaires ORDER BY date_commentaire DESC LIMIT 4;
# Time: 2021-03-01T08:41:41.916932Z
# User@Host: flopsecurity[flopsecurity] @  [172.25.0.6]  Id:    64
# Query_time: 0.000701  Lock_time: 0.000299 Rows_sent: 2  Rows_examined: 4
SET timestamp=1614588101;
SELECT * FROM commentaires ORDER BY date_commentaire DESC LIMIT 4;
# Time: 2021-03-01T08:41:45.769772Z
# User@Host: flopsecurity[flopsecurity] @  [172.25.0.6]  Id:    65
# Query_time: 0.000729  Lock_time: 0.000281 Rows_sent: 2  Rows_examined: 4
SET timestamp=1614588105;
SELECT * FROM commentaires ORDER BY date_commentaire DESC LIMIT 4;
# Time: 2021-03-01T08:43:18.842240Z
# User@Host: flopsecurity[flopsecurity] @  [172.25.0.6]  Id:    67
# Query_time: 0.000647  Lock_time: 0.000323 Rows_sent: 0  Rows_examined: 2
SET timestamp=1614588198;
SELECT `utilisateur_id`, `type` FROM utilisateurs WHERE `email` = "select * from users where username=tom";
# Time: 2021-03-01T08:45:04.863783Z
# User@Host: flopsecurity[flopsecurity] @  [172.25.0.6]  Id:    72
# Query_time: 0.000554  Lock_time: 0.000207 Rows_sent: 1  Rows_examined: 2
SET timestamp=1614588304;
SELECT * FROM commentaires ORDER BY date_commentaire DESC LIMIT 4;
# Time: 2021-03-01T08:45:11.344598Z
# User@Host: flopsecurity[flopsecurity] @  [172.25.0.6]  Id:    73
# Query_time: 0.000603  Lock_time: 0.000272 Rows_sent: 1  Rows_examined: 2
SET timestamp=1614588311;
SELECT * FROM commentaires ORDER BY date_commentaire DESC LIMIT 4;
# Time: 2021-03-01T08:46:03.546244Z
# User@Host: flopsecurity[flopsecurity] @  [172.25.0.6]  Id:    75
# Query_time: 0.000620  Lock_time: 0.000286 Rows_sent: 1  Rows_examined: 2
SET timestamp=1614588363;
SELECT * FROM commentaires ORDER BY date_commentaire DESC LIMIT 4;
# Time: 2021-03-01T08:53:22.100673Z
# User@Host: flopsecurity[flopsecurity] @  [172.25.0.6]  Id:    80
# Query_time: 0.001066  Lock_time: 0.000738 Rows_sent: 0  Rows_examined: 0
SET timestamp=1614588802;
SELECT * FROM commentaires ORDER BY date_commentaire DESC LIMIT 4;
# Time: 2021-03-01T08:54:20.088899Z
# User@Host: flopsecurity[flopsecurity] @  [172.25.0.6]  Id:    82
# Query_time: 0.000582  Lock_time: 0.000292 Rows_sent: 0  Rows_examined: 2
SET timestamp=1614588860;
SELECT `utilisateur_id`, `type` FROM utilisateurs WHERE `email` = "select * from users where username=tom";
# Time: 2021-03-01T08:57:49.193008Z
# User@Host: flopsecurity[flopsecurity] @  [172.25.0.6]  Id:    87
# Query_time: 0.000632  Lock_time: 0.000368 Rows_sent: 2  Rows_examined: 2
SET timestamp=1614589069;
SELECT `utilisateur_id`, `type` FROM utilisateurs WHERE `email` = ""OR 1 = 1 OR 1 = "" AND `password` = "";
# Time: 2021-03-01T08:57:52.259047Z
# User@Host: flopsecurity[flopsecurity] @  [172.25.0.6]  Id:    88
# Query_time: 0.001020  Lock_time: 0.000700 Rows_sent: 0  Rows_examined: 0
SET timestamp=1614589072;
SELECT * FROM commentaires ORDER BY date_commentaire DESC LIMIT 4;
# Time: 2021-03-01T08:57:53.304431Z
# User@Host: flopsecurity[flopsecurity] @  [172.25.0.6]  Id:    89
# Query_time: 0.000554  Lock_time: 0.000275 Rows_sent: 0  Rows_examined: 0
SET timestamp=1614589073;
SELECT * FROM commentaires ORDER BY date_commentaire DESC LIMIT 4;
# Time: 2021-03-01T08:58:03.708544Z
# User@Host: flopsecurity[flopsecurity] @  [172.25.0.6]  Id:    90
# Query_time: 0.000550  Lock_time: 0.000202 Rows_sent: 1  Rows_examined: 2
SET timestamp=1614589083;
SELECT * FROM commentaires ORDER BY date_commentaire DESC LIMIT 4;
# Time: 2021-03-01T08:58:05.684378Z
# User@Host: flopsecurity[flopsecurity] @  [172.25.0.6]  Id:    91
# Query_time: 0.000666  Lock_time: 0.000336 Rows_sent: 0  Rows_examined: 2
SET timestamp=1614589085;
SELECT `utilisateur_id`, `type` FROM utilisateurs WHERE `email` = "'or 1=1 or 1='" AND `password` = "";
# Time: 2021-03-01T09:04:04.674035Z
# User@Host: flopsecurity[flopsecurity] @  [172.25.0.6]  Id:    93
# Query_time: 0.000568  Lock_time: 0.000217 Rows_sent: 1  Rows_examined: 2
SET timestamp=1614589444;
SELECT * FROM commentaires ORDER BY date_commentaire DESC LIMIT 4;
# Time: 2021-03-01T09:43:38.735370Z
# User@Host: flopsecurity[flopsecurity] @  [172.25.0.6]  Id:    95
# Query_time: 0.000667  Lock_time: 0.000339 Rows_sent: 2  Rows_examined: 2
SET timestamp=1614591818;
SELECT `utilisateur_id`, `type` FROM utilisateurs WHERE `email` = ""OR 1=1 OR 1="" AND `password` = "";
# Time: 2021-03-01T09:43:43.603403Z
# User@Host: flopsecurity[flopsecurity] @  [172.25.0.6]  Id:    96
# Query_time: 0.001021  Lock_time: 0.000700 Rows_sent: 0  Rows_examined: 0
SET timestamp=1614591823;
SELECT * FROM commentaires ORDER BY date_commentaire DESC LIMIT 4;
# Time: 2021-03-01T09:44:03.016877Z
# User@Host: flopsecurity[flopsecurity] @  [172.25.0.6]  Id:    97
# Query_time: 0.000602  Lock_time: 0.000297 Rows_sent: 0  Rows_examined: 0
SET timestamp=1614591843;
SELECT * FROM commentaires ORDER BY date_commentaire DESC LIMIT 4;
# Time: 2021-03-01T09:45:52.031056Z
# User@Host: flopsecurity[flopsecurity] @  [172.25.0.6]  Id:    99
# Query_time: 0.000607  Lock_time: 0.000299 Rows_sent: 0  Rows_examined: 0
SET timestamp=1614591952;
SELECT * FROM commentaires ORDER BY date_commentaire DESC LIMIT 4;
# Time: 2021-03-01T09:45:58.599321Z
# User@Host: flopsecurity[flopsecurity] @  [172.25.0.6]  Id:   100
# Query_time: 0.000681  Lock_time: 0.000361 Rows_sent: 2  Rows_examined: 2
SET timestamp=1614591958;
SELECT `utilisateur_id`, `type` FROM utilisateurs WHERE `email` = ""OR 1=1;
# Time: 2021-03-01T09:46:08.134892Z
# User@Host: flopsecurity[flopsecurity] @  [172.25.0.6]  Id:   101
# Query_time: 0.000557  Lock_time: 0.000273 Rows_sent: 0  Rows_examined: 0
SET timestamp=1614591968;
SELECT * FROM commentaires ORDER BY date_commentaire DESC LIMIT 4;
# Time: 2021-03-01T09:46:29.327454Z
# User@Host: flopsecurity[flopsecurity] @  [172.25.0.6]  Id:   102
# Query_time: 0.000635  Lock_time: 0.000324 Rows_sent: 2  Rows_examined: 2
SET timestamp=1614591989;
SELECT `utilisateur_id`, `type` FROM utilisateurs WHERE `email` = ""OR 1=1;
# Time: 2021-03-01T09:46:49.751249Z
# User@Host: flopsecurity[flopsecurity] @  [172.25.0.6]  Id:   104
# Query_time: 0.000636  Lock_time: 0.000326 Rows_sent: 2  Rows_examined: 2
SET timestamp=1614592009;
SELECT `utilisateur_id`, `type` FROM utilisateurs WHERE `email` = ""OR 1=1;
# Time: 2021-03-01T09:53:46.487114Z
# User@Host: flopsecurity[flopsecurity] @  [172.25.0.6]  Id:   106
# Query_time: 0.000550  Lock_time: 0.000207 Rows_sent: 1  Rows_examined: 2
SET timestamp=1614592426;
SELECT * FROM commentaires ORDER BY date_commentaire DESC LIMIT 4;
# Time: 2021-03-01T09:55:16.536888Z
# User@Host: flopsecurity[flopsecurity] @  [172.25.0.6]  Id:   107
# Query_time: 0.000582  Lock_time: 0.000210 Rows_sent: 2  Rows_examined: 4
SET timestamp=1614592516;
SELECT * FROM commentaires ORDER BY date_commentaire DESC LIMIT 4;
# Time: 2021-03-01T09:55:27.399748Z
# User@Host: flopsecurity[flopsecurity] @  [172.25.0.6]  Id:   108
# Query_time: 0.000667  Lock_time: 0.000302 Rows_sent: 2  Rows_examined: 4
SET timestamp=1614592527;
SELECT * FROM commentaires ORDER BY date_commentaire DESC LIMIT 4;
# Time: 2021-03-01T10:05:53.922121Z
# User@Host: flopsecurity[flopsecurity] @  [172.25.0.6]  Id:   110
# Query_time: 0.001130  Lock_time: 0.000804 Rows_sent: 0  Rows_examined: 0
SET timestamp=1614593153;
SELECT * FROM commentaires ORDER BY date_commentaire DESC LIMIT 4;
# Time: 2021-03-01T10:10:52.905359Z
# User@Host: flopsecurity[flopsecurity] @  [172.25.0.6]  Id:   112
# Query_time: 0.000541  Lock_time: 0.000198 Rows_sent: 1  Rows_examined: 2
SET timestamp=1614593452;
SELECT * FROM commentaires ORDER BY date_commentaire DESC LIMIT 4;
# Time: 2021-03-01T10:11:03.428005Z
# User@Host: flopsecurity[flopsecurity] @  [172.25.0.6]  Id:   113
# Query_time: 0.001927  Lock_time: 0.000252 Rows_sent: 2  Rows_examined: 4
SET timestamp=1614593463;
SELECT * FROM commentaires ORDER BY date_commentaire DESC LIMIT 4;
# Time: 2021-03-01T10:11:09.871921Z
# User@Host: flopsecurity[flopsecurity] @  [172.25.0.6]  Id:   114
# Query_time: 0.000564  Lock_time: 0.000196 Rows_sent: 3  Rows_examined: 6
SET timestamp=1614593469;
SELECT * FROM commentaires ORDER BY date_commentaire DESC LIMIT 4;
# Time: 2021-03-01T10:11:10.926107Z
# User@Host: flopsecurity[flopsecurity] @  [172.25.0.6]  Id:   115
# Query_time: 0.000583  Lock_time: 0.000204 Rows_sent: 4  Rows_examined: 8
SET timestamp=1614593470;
SELECT * FROM commentaires ORDER BY date_commentaire DESC LIMIT 4;
# Time: 2021-03-01T10:11:11.525844Z
# User@Host: flopsecurity[flopsecurity] @  [172.25.0.6]  Id:   116
# Query_time: 0.000648  Lock_time: 0.000255 Rows_sent: 4  Rows_examined: 9
SET timestamp=1614593471;
SELECT * FROM commentaires ORDER BY date_commentaire DESC LIMIT 4;
# Time: 2021-03-01T10:11:12.174009Z
# User@Host: flopsecurity[flopsecurity] @  [172.25.0.6]  Id:   117
# Query_time: 0.000702  Lock_time: 0.000258 Rows_sent: 4  Rows_examined: 10
SET timestamp=1614593472;
SELECT * FROM commentaires ORDER BY date_commentaire DESC LIMIT 4;
# Time: 2021-03-01T10:11:14.456070Z
# User@Host: flopsecurity[flopsecurity] @  [172.25.0.6]  Id:   118
# Query_time: 0.000677  Lock_time: 0.000191 Rows_sent: 4  Rows_examined: 11
SET timestamp=1614593474;
SELECT * FROM commentaires ORDER BY date_commentaire DESC LIMIT 4;
# Time: 2021-03-01T10:11:15.830320Z
# User@Host: flopsecurity[flopsecurity] @  [172.25.0.6]  Id:   119
# Query_time: 0.000734  Lock_time: 0.000203 Rows_sent: 4  Rows_examined: 12
SET timestamp=1614593475;
SELECT * FROM commentaires ORDER BY date_commentaire DESC LIMIT 4;
# Time: 2021-03-01T10:11:41.164208Z
# User@Host: flopsecurity[flopsecurity] @  [172.25.0.6]  Id:   121
# Query_time: 0.000680  Lock_time: 0.000200 Rows_sent: 4  Rows_examined: 13
SET timestamp=1614593501;
SELECT * FROM commentaires ORDER BY date_commentaire DESC LIMIT 4;
# Time: 2021-03-01T10:11:52.700376Z
# User@Host: flopsecurity[flopsecurity] @  [172.25.0.6]  Id:   123
# Query_time: 0.000660  Lock_time: 0.000198 Rows_sent: 4  Rows_examined: 14
SET timestamp=1614593512;
SELECT * FROM commentaires ORDER BY date_commentaire DESC LIMIT 4;
# Time: 2021-03-01T10:12:16.297621Z
# User@Host: flopsecurity[flopsecurity] @  [172.25.0.6]  Id:   124
# Query_time: 0.001594  Lock_time: 0.000278 Rows_sent: 4  Rows_examined: 15
SET timestamp=1614593536;
SELECT * FROM commentaires ORDER BY date_commentaire DESC LIMIT 4;
# Time: 2021-03-01T10:17:58.415565Z
# User@Host: flopsecurity[flopsecurity] @  [172.25.0.6]  Id:   126
# Query_time: 0.000655  Lock_time: 0.000324 Rows_sent: 0  Rows_examined: 2
SET timestamp=1614593878;
SELECT `utilisateur_id`, `type` FROM utilisateurs WHERE `email` = "ddd" AND `password` = "ddff";
# Time: 2021-03-01T10:18:01.872510Z
# User@Host: flopsecurity[flopsecurity] @  [172.25.0.6]  Id:   127
# Query_time: 0.000650  Lock_time: 0.000322 Rows_sent: 0  Rows_examined: 2
SET timestamp=1614593881;
SELECT `utilisateur_id`, `type` FROM utilisateurs WHERE `email` = "" AND `password` = "";
# Time: 2021-03-01T10:36:28.851697Z
# User@Host: flopsecurity[flopsecurity] @  [172.25.0.6]  Id:   131
# Query_time: 0.000549  Lock_time: 0.000204 Rows_sent: 1  Rows_examined: 2
SET timestamp=1614594988;
SELECT * FROM commentaires ORDER BY date_commentaire DESC LIMIT 4;
# Time: 2021-03-01T10:37:09.831825Z
# User@Host: flopsecurity[flopsecurity] @  [172.25.0.6]  Id:   132
# Query_time: 0.000630  Lock_time: 0.000241 Rows_sent: 2  Rows_examined: 4
SET timestamp=1614595029;
SELECT * FROM commentaires ORDER BY date_commentaire DESC LIMIT 4;
# Time: 2021-03-01T10:37:17.949505Z
# User@Host: flopsecurity[flopsecurity] @  [172.25.0.6]  Id:   133
# Query_time: 0.000650  Lock_time: 0.000193 Rows_sent: 3  Rows_examined: 6
SET timestamp=1614595037;
SELECT * FROM commentaires ORDER BY date_commentaire DESC LIMIT 4;
# Time: 2021-03-01T10:41:16.758042Z
# User@Host: flopsecurity[flopsecurity] @  [172.25.0.6]  Id:   134
# Query_time: 0.000742  Lock_time: 0.000362 Rows_sent: 3  Rows_examined: 6
SET timestamp=1614595276;
SELECT * FROM commentaires ORDER BY date_commentaire DESC LIMIT 4;
# Time: 2021-03-01T10:42:43.831727Z
# User@Host: flopsecurity[flopsecurity] @  [172.25.0.6]  Id:   136
# Query_time: 0.000666  Lock_time: 0.000341 Rows_sent: 2  Rows_examined: 2
SET timestamp=1614595363;
SELECT `utilisateur_id`, `type` FROM utilisateurs WHERE `email` = ""OR 1 = 1 OR 1 = "" AND `password` = "GHJ";
# Time: 2021-03-01T10:42:47.718861Z
# User@Host: flopsecurity[flopsecurity] @  [172.25.0.6]  Id:   137
# Query_time: 0.001037  Lock_time: 0.000714 Rows_sent: 0  Rows_examined: 0
SET timestamp=1614595367;
SELECT * FROM commentaires ORDER BY date_commentaire DESC LIMIT 4;
# Time: 2021-03-01T10:42:59.044987Z
# User@Host: flopsecurity[flopsecurity] @  [172.25.0.6]  Id:   138
# Query_time: 0.000560  Lock_time: 0.000274 Rows_sent: 0  Rows_examined: 0
SET timestamp=1614595379;
SELECT * FROM commentaires ORDER BY date_commentaire DESC LIMIT 4;
# Time: 2021-03-01T10:49:12.833340Z
# User@Host: flopsecurity[flopsecurity] @  [172.25.0.6]  Id:   140
# Query_time: 0.000646  Lock_time: 0.000328 Rows_sent: 2  Rows_examined: 2
SET timestamp=1614595752;
SELECT `utilisateur_id`, `type` FROM utilisateurs WHERE `email` = ""OR 1=1;
# Time: 2021-03-01T10:49:15.996817Z
# User@Host: flopsecurity[flopsecurity] @  [172.25.0.6]  Id:   141
# Query_time: 0.001003  Lock_time: 0.000683 Rows_sent: 0  Rows_examined: 0
SET timestamp=1614595755;
SELECT * FROM commentaires ORDER BY date_commentaire DESC LIMIT 4;
# Time: 2021-03-01T10:49:46.614734Z
# User@Host: flopsecurity[flopsecurity] @  [172.25.0.6]  Id:   142
# Query_time: 0.000562  Lock_time: 0.000207 Rows_sent: 1  Rows_examined: 2
SET timestamp=1614595786;
SELECT * FROM commentaires ORDER BY date_commentaire DESC LIMIT 4;
# Time: 2021-03-01T10:49:54.374696Z
# User@Host: flopsecurity[flopsecurity] @  [172.25.0.6]  Id:   143
# Query_time: 0.000694  Lock_time: 0.000300 Rows_sent: 1  Rows_examined: 2
SET timestamp=1614595794;
SELECT * FROM commentaires ORDER BY date_commentaire DESC LIMIT 4;
# Time: 2021-03-01T10:50:02.644306Z
# User@Host: flopsecurity[flopsecurity] @  [172.25.0.6]  Id:   144
# Query_time: 0.000667  Lock_time: 0.000311 Rows_sent: 1  Rows_examined: 2
SET timestamp=1614595802;
SELECT * FROM commentaires ORDER BY date_commentaire DESC LIMIT 4;
# Time: 2021-03-01T10:50:39.788926Z
# User@Host: flopsecurity[flopsecurity] @  [172.25.0.6]  Id:   145
# Query_time: 0.000639  Lock_time: 0.000327 Rows_sent: 2  Rows_examined: 2
SET timestamp=1614595839;
SELECT `utilisateur_id`, `type` FROM utilisateurs WHERE `email` = ""OR 1=1;
# Time: 2021-03-01T10:58:55.461856Z
# User@Host: flopsecurity[flopsecurity] @  [172.25.0.6]  Id:   147
# Query_time: 0.000605  Lock_time: 0.000255 Rows_sent: 1  Rows_examined: 2
SET timestamp=1614596335;
SELECT * FROM commentaires ORDER BY date_commentaire DESC LIMIT 4;
# Time: 2021-03-01T10:59:15.438003Z
# User@Host: flopsecurity[flopsecurity] @  [172.25.0.6]  Id:   148
# Query_time: 0.000658  Lock_time: 0.000289 Rows_sent: 2  Rows_examined: 4
SET timestamp=1614596355;
SELECT * FROM commentaires ORDER BY date_commentaire DESC LIMIT 4;
# Time: 2021-03-01T10:59:34.444928Z
# User@Host: flopsecurity[flopsecurity] @  [172.25.0.6]  Id:   149
# Query_time: 0.000561  Lock_time: 0.000192 Rows_sent: 3  Rows_examined: 6
SET timestamp=1614596374;
SELECT * FROM commentaires ORDER BY date_commentaire DESC LIMIT 4;
# Time: 2021-03-01T10:59:46.885558Z
# User@Host: flopsecurity[flopsecurity] @  [172.25.0.6]  Id:   150
# Query_time: 0.000678  Lock_time: 0.000209 Rows_sent: 4  Rows_examined: 8
SET timestamp=1614596386;
SELECT * FROM commentaires ORDER BY date_commentaire DESC LIMIT 4;
# Time: 2021-03-01T10:59:50.268197Z
# User@Host: flopsecurity[flopsecurity] @  [172.25.0.6]  Id:   151
# Query_time: 0.000567  Lock_time: 0.000196 Rows_sent: 4  Rows_examined: 9
SET timestamp=1614596390;
SELECT * FROM commentaires ORDER BY date_commentaire DESC LIMIT 4;
# Time: 2021-03-01T10:59:54.890206Z
# User@Host: flopsecurity[flopsecurity] @  [172.25.0.6]  Id:   152
# Query_time: 0.000593  Lock_time: 0.000202 Rows_sent: 4  Rows_examined: 10
SET timestamp=1614596394;
SELECT * FROM commentaires ORDER BY date_commentaire DESC LIMIT 4;
# Time: 2021-03-01T10:59:55.700282Z
# User@Host: flopsecurity[flopsecurity] @  [172.25.0.6]  Id:   153
# Query_time: 0.000575  Lock_time: 0.000196 Rows_sent: 4  Rows_examined: 11
SET timestamp=1614596395;
SELECT * FROM commentaires ORDER BY date_commentaire DESC LIMIT 4;
# Time: 2021-03-01T10:59:58.691489Z
# User@Host: flopsecurity[flopsecurity] @  [172.25.0.6]  Id:   154
# Query_time: 0.000577  Lock_time: 0.000197 Rows_sent: 4  Rows_examined: 12
SET timestamp=1614596398;
SELECT * FROM commentaires ORDER BY date_commentaire DESC LIMIT 4;
# Time: 2021-03-01T10:59:59.261128Z
# User@Host: flopsecurity[flopsecurity] @  [172.25.0.6]  Id:   155
# Query_time: 0.000731  Lock_time: 0.000307 Rows_sent: 4  Rows_examined: 12
SET timestamp=1614596399;
SELECT * FROM commentaires ORDER BY date_commentaire DESC LIMIT 4;
# Time: 2021-03-01T11:00:06.933751Z
# User@Host: flopsecurity[flopsecurity] @  [172.25.0.6]  Id:   156
# Query_time: 0.000842  Lock_time: 0.000298 Rows_sent: 4  Rows_examined: 12
SET timestamp=1614596406;
SELECT * FROM commentaires ORDER BY date_commentaire DESC LIMIT 4;
# Time: 2021-03-01T11:00:14.293521Z
# User@Host: flopsecurity[flopsecurity] @  [172.25.0.6]  Id:   157
# Query_time: 0.000836  Lock_time: 0.000300 Rows_sent: 4  Rows_examined: 12
SET timestamp=1614596414;
SELECT * FROM commentaires ORDER BY date_commentaire DESC LIMIT 4;
# Time: 2021-03-01T11:00:24.820347Z
# User@Host: flopsecurity[flopsecurity] @  [172.25.0.6]  Id:   158
# Query_time: 0.000675  Lock_time: 0.000203 Rows_sent: 4  Rows_examined: 13
SET timestamp=1614596424;
SELECT * FROM commentaires ORDER BY date_commentaire DESC LIMIT 4;
# Time: 2021-03-01T11:00:31.339634Z
# User@Host: flopsecurity[flopsecurity] @  [172.25.0.6]  Id:   159
# Query_time: 0.000735  Lock_time: 0.000293 Rows_sent: 4  Rows_examined: 13
SET timestamp=1614596431;
SELECT * FROM commentaires ORDER BY date_commentaire DESC LIMIT 4;
# Time: 2021-03-01T11:00:33.538788Z
# User@Host: flopsecurity[flopsecurity] @  [172.25.0.6]  Id:   160
# Query_time: 0.000808  Lock_time: 0.000442 Rows_sent: 0  Rows_examined: 2
SET timestamp=1614596433;
SELECT `utilisateur_id`, `type` FROM utilisateurs WHERE `email` = "" AND `password` = "";
# Time: 2021-03-01T19:47:25.525768Z
# User@Host: flopsecurity[flopsecurity] @  [172.25.0.6]  Id:   166
# Query_time: 0.000702  Lock_time: 0.000303 Rows_sent: 0  Rows_examined: 2
SET timestamp=1614628045;
SELECT `utilisateur_id`, `type` FROM utilisateurs WHERE `email` = "fsdf" AND `password` = "sdfsf";
# Time: 2021-03-01T19:47:29.453747Z
# User@Host: flopsecurity[flopsecurity] @  [172.25.0.6]  Id:   167
# Query_time: 0.000726  Lock_time: 0.000331 Rows_sent: 0  Rows_examined: 2
SET timestamp=1614628049;
SELECT `utilisateur_id`, `type` FROM utilisateurs WHERE `email` = "sdfsdf" AND `password` = "sdfsfsdf";
# Time: 2021-03-01T19:47:33.573745Z
# User@Host: flopsecurity[flopsecurity] @  [172.25.0.6]  Id:   168
# Query_time: 0.000760  Lock_time: 0.000330 Rows_sent: 0  Rows_examined: 2
SET timestamp=1614628053;
SELECT `utilisateur_id`, `type` FROM utilisateurs WHERE `email` = "sdfsdfsdf" AND `password` = "sdfsdfsdf";
# Time: 2021-03-01T20:35:23.574066Z
# User@Host: flopsecurity[flopsecurity] @  [172.25.0.6]  Id:   172
# Query_time: 0.000730  Lock_time: 0.000387 Rows_sent: 1  Rows_examined: 2
SET timestamp=1614630923;
SELECT `utilisateur_id`, `type` FROM utilisateurs WHERE `email` = "admin@example.com" AND `password` = "PHP";
# Time: 2021-03-02T08:10:24.004228Z
# User@Host: flopsecurity[flopsecurity] @  [172.25.0.6]  Id:   179
# Query_time: 0.000673  Lock_time: 0.000342 Rows_sent: 2  Rows_examined: 2
SET timestamp=1614672624;
SELECT `utilisateur_id`, `type` FROM utilisateurs WHERE `email` = ""OR 1=1 ;
# Time: 2021-03-02T08:10:33.249457Z
# User@Host: flopsecurity[flopsecurity] @  [172.25.0.6]  Id:   180
# Query_time: 0.001094  Lock_time: 0.000678 Rows_sent: 0  Rows_examined: 0
SET timestamp=1614672633;
SELECT * FROM commentaires ORDER BY date_commentaire DESC LIMIT 4;
# Time: 2021-03-02T08:10:47.731847Z
# User@Host: flopsecurity[flopsecurity] @  [172.25.0.6]  Id:   181
# Query_time: 0.000536  Lock_time: 0.000191 Rows_sent: 1  Rows_examined: 2
SET timestamp=1614672647;
SELECT * FROM commentaires ORDER BY date_commentaire DESC LIMIT 4;
# Time: 2021-03-02T08:11:42.729938Z
# User@Host: flopsecurity[flopsecurity] @  [172.25.0.6]  Id:   182
# Query_time: 0.000718  Lock_time: 0.000392 Rows_sent: 1  Rows_examined: 2
SET timestamp=1614672702;
SELECT `utilisateur_id`, `type` FROM utilisateurs WHERE `email` = "admin@example.com" AND `password` = "php";
# Time: 2021-03-02T08:12:03.265900Z
# User@Host: flopsecurity[flopsecurity] @  [172.25.0.6]  Id:   183
# Query_time: 0.000694  Lock_time: 0.000376 Rows_sent: 0  Rows_examined: 2
SET timestamp=1614672723;
SELECT `utilisateur_id`, `type` FROM utilisateurs WHERE `email` = "' OR 1=1 OR 1='" AND `password` = "";
# Time: 2021-03-02T08:12:15.916343Z
# User@Host: flopsecurity[flopsecurity] @  [172.25.0.6]  Id:   184
# Query_time: 0.000638  Lock_time: 0.000319 Rows_sent: 2  Rows_examined: 2
SET timestamp=1614672735;
SELECT `utilisateur_id`, `type` FROM utilisateurs WHERE `email` = "" OR 1=1 OR 1="" AND `password` = "";
# Time: 2021-03-02T08:12:17.602411Z
# User@Host: flopsecurity[flopsecurity] @  [172.25.0.6]  Id:   185
# Query_time: 0.000657  Lock_time: 0.000305 Rows_sent: 1  Rows_examined: 2
SET timestamp=1614672737;
SELECT * FROM commentaires ORDER BY date_commentaire DESC LIMIT 4;
# Time: 2021-03-02T08:12:50.113899Z
# User@Host: flopsecurity[flopsecurity] @  [172.25.0.6]  Id:   187
# Query_time: 0.000688  Lock_time: 0.000373 Rows_sent: 0  Rows_examined: 2
SET timestamp=1614672770;
SELECT `utilisateur_id`, `type` FROM utilisateurs WHERE `email` = "";
# Time: 2021-03-02T08:13:05.673562Z
# User@Host: flopsecurity[flopsecurity] @  [172.25.0.6]  Id:   188
# Query_time: 0.000716  Lock_time: 0.000330 Rows_sent: 0  Rows_examined: 0
SET timestamp=1614672785;
SELECT `utilisateur_id`, `type` FROM utilisateurs WHERE `email` = "admin@example.com" AND `password` = "php";
# Time: 2021-03-02T08:15:52.888534Z
# User@Host: flopsecurity[flopsecurity] @  [172.25.0.6]  Id:   189
# Query_time: 0.000553  Lock_time: 0.000289 Rows_sent: 0  Rows_examined: 0
SET timestamp=1614672952;
SELECT `utilisateur_id`, `type` FROM utilisateurs WHERE `email` = "";
# Time: 2021-03-02T08:18:19.500987Z
# User@Host: flopsecurity[flopsecurity] @  [172.25.0.6]  Id:   191
# Query_time: 0.000657  Lock_time: 0.000325 Rows_sent: 1  Rows_examined: 2
SET timestamp=1614673099;
SELECT `utilisateur_id`, `type` FROM utilisateurs WHERE `email` = "admin@example.com" AND `password` = "php";
# Time: 2021-03-02T08:21:26.170039Z
# User@Host: flopsecurity[flopsecurity] @  [172.25.0.6]  Id:   192
# Query_time: 0.000767  Lock_time: 0.000429 Rows_sent: 2  Rows_examined: 2
SET timestamp=1614673286;
SELECT `utilisateur_id`, `type` FROM utilisateurs WHERE `email` = ""or 1=1 or 1="" AND `password` = "";
# Time: 2021-03-02T08:21:28.972708Z
# User@Host: flopsecurity[flopsecurity] @  [172.25.0.6]  Id:   193
# Query_time: 0.001024  Lock_time: 0.000701 Rows_sent: 0  Rows_examined: 0
SET timestamp=1614673288;
SELECT * FROM commentaires ORDER BY date_commentaire DESC LIMIT 4;
# Time: 2021-03-02T08:30:40.453790Z
# User@Host: flopsecurity[flopsecurity] @  [172.25.0.6]  Id:   195
# Query_time: 0.000731  Lock_time: 0.000398 Rows_sent: 0  Rows_examined: 2
SET timestamp=1614673840;
SELECT `utilisateur_id`, `type` FROM utilisateurs WHERE `email` = "test.'""OR 1=1;--" AND `password` = "";
# Time: 2021-03-02T08:30:59.513147Z
# User@Host: flopsecurity[flopsecurity] @  [172.25.0.6]  Id:   196
# Query_time: 0.000634  Lock_time: 0.000325 Rows_sent: 2  Rows_examined: 2
SET timestamp=1614673859;
SELECT `utilisateur_id`, `type` FROM utilisateurs WHERE `email` = "test .'" OR 1=1;
# Time: 2021-03-02T08:31:55.809160Z
# User@Host: flopsecurity[flopsecurity] @  [172.25.0.6]  Id:   197
# Query_time: 0.000649  Lock_time: 0.000334 Rows_sent: 2  Rows_examined: 2
SET timestamp=1614673915;
SELECT `utilisateur_id`, `type` FROM utilisateurs WHERE `email` = "test .'" OR 1=1;
# Time: 2021-03-02T08:34:33.971522Z
# User@Host: flopsecurity[flopsecurity] @  [172.25.0.6]  Id:   198
# Query_time: 0.000631  Lock_time: 0.000337 Rows_sent: 2  Rows_examined: 2
SET timestamp=1614674073;
SELECT `utilisateur_id`, `type` FROM utilisateurs WHERE `email` = "test .'" OR 1=1;
# Time: 2021-03-02T08:34:50.410690Z
# User@Host: flopsecurity[flopsecurity] @  [172.25.0.6]  Id:   199
# Query_time: 0.000665  Lock_time: 0.000333 Rows_sent: 1  Rows_examined: 2
SET timestamp=1614674090;
SELECT `utilisateur_id`, `type` FROM utilisateurs WHERE `email` = "admin@example.com" AND `password` = "PHP";
# Time: 2021-03-02T08:34:52.163137Z
# User@Host: flopsecurity[flopsecurity] @  [172.25.0.6]  Id:   200
# Query_time: 0.001014  Lock_time: 0.000692 Rows_sent: 0  Rows_examined: 0
SET timestamp=1614674092;
SELECT * FROM commentaires ORDER BY date_commentaire DESC LIMIT 4;
# Time: 2021-03-02T08:35:01.934991Z
# User@Host: flopsecurity[flopsecurity] @  [172.25.0.6]  Id:   201
# Query_time: 0.000655  Lock_time: 0.000326 Rows_sent: 0  Rows_examined: 2
SET timestamp=1614674101;
SELECT `utilisateur_id`, `type` FROM utilisateurs WHERE `email` = "dfgdfsg" AND `password` = "dfgdfg";
# Time: 2021-03-02T08:35:50.496249Z
# User@Host: flopsecurity[flopsecurity] @  [172.25.0.6]  Id:   203
# Query_time: 0.000645  Lock_time: 0.000329 Rows_sent: 2  Rows_examined: 2
SET timestamp=1614674150;
SELECT `utilisateur_id`, `type` FROM utilisateurs WHERE `email` = "test .'" OR 1=1;
# Time: 2021-03-02T08:35:58.847542Z
# User@Host: flopsecurity[flopsecurity] @  [172.25.0.6]  Id:   204
# Query_time: 0.000669  Lock_time: 0.000332 Rows_sent: 1  Rows_examined: 2
SET timestamp=1614674158;
SELECT `utilisateur_id`, `type` FROM utilisateurs WHERE `email` = "admin@example.com" AND `password` = "PHP";
# Time: 2021-03-02T08:40:32.523528Z
# User@Host: flopsecurity[flopsecurity] @  [172.25.0.6]  Id:   205
# Query_time: 0.000639  Lock_time: 0.000329 Rows_sent: 2  Rows_examined: 2
SET timestamp=1614674432;
SELECT `utilisateur_id`, `type` FROM utilisateurs WHERE `email` = "test .'" OR 1=1;
# Time: 2021-03-02T09:45:47.143332Z
# User@Host: flopsecurity[flopsecurity] @  [172.25.0.6]  Id:  2227
# Query_time: 0.000628  Lock_time: 0.000309 Rows_sent: 1  Rows_examined: 2
SET timestamp=1614678347;
SELECT `utilisateur_id`, `type` FROM utilisateurs WHERE `email` = "admin@example.com" AND `password` = "PHP";
# Time: 2021-03-02T09:47:08.489592Z
# User@Host: flopsecurity[flopsecurity] @ localhost []  Id:  2228
# Query_time: 0.000662  Lock_time: 0.000314 Rows_sent: 2  Rows_examined: 2
SET timestamp=1614678428;
select * FROM utilisateurs;
# Time: 2021-03-02T09:57:38.197269Z
# User@Host: flopsecurity[flopsecurity] @  [172.25.0.6]  Id:  2230
# Query_time: 0.000664  Lock_time: 0.000328 Rows_sent: 1  Rows_examined: 2
SET timestamp=1614679058;
SELECT `utilisateur_id`, `type` FROM utilisateurs WHERE `email` = "admin@example.com" AND `password` = "PHP";
# Time: 2021-03-02T09:59:18.726858Z
# User@Host: flopsecurity[flopsecurity] @  [172.25.0.6]  Id:  2231
# Query_time: 0.000618  Lock_time: 0.000305 Rows_sent: 1  Rows_examined: 2
SET timestamp=1614679158;
SELECT `utilisateur_id`, `type` FROM utilisateurs WHERE `email` = "admin@example.com" AND `password` = "PHP";
# Time: 2021-03-02T09:59:27.627516Z
# User@Host: flopsecurity[flopsecurity] @  [172.25.0.6]  Id:  2232
# Query_time: 0.000664  Lock_time: 0.000331 Rows_sent: 1  Rows_examined: 2
SET timestamp=1614679167;
SELECT `utilisateur_id`, `type` FROM utilisateurs WHERE `email` = "admin@example.com" AND `password` = "php";
# Time: 2021-03-02T10:01:48.620765Z
# User@Host: flopsecurity[flopsecurity] @  [172.25.0.6]  Id:  2234
# Query_time: 0.000682  Lock_time: 0.000339 Rows_sent: 1  Rows_examined: 2
SET timestamp=1614679308;
SELECT `utilisateur_id`, `type` FROM utilisateurs WHERE `email` = "admin@example.com" AND `password` = "php";
# Time: 2021-03-02T10:12:29.868924Z
# User@Host: flopsecurity[flopsecurity] @  [172.25.0.6]  Id:  2237
# Query_time: 0.000613  Lock_time: 0.000304 Rows_sent: 1  Rows_examined: 2
SET timestamp=1614679949;
SELECT `utilisateur_id`, `type` FROM utilisateurs WHERE `email` = "admin@example.com" AND `password` = "php";
# Time: 2021-03-02T10:52:57.647437Z
# User@Host: flopsecurity[flopsecurity] @  [172.25.0.6]  Id:  2240
# Query_time: 0.000616  Lock_time: 0.000307 Rows_sent: 0  Rows_examined: 2
SET timestamp=1614682377;
SELECT `utilisateur_id`, `type` FROM utilisateurs WHERE `email` = "eric-bossu.fr" AND `password` = "Cl@vis0209";
# Time: 2021-03-02T10:53:26.605087Z
# User@Host: flopsecurity[flopsecurity] @  [172.25.0.6]  Id:  2241
# Query_time: 0.000634  Lock_time: 0.000332 Rows_sent: 1  Rows_examined: 1
SET timestamp=1614682406;
SELECT `utilisateur_id`, `type` FROM utilisateurs WHERE `email` = "" OR 1 LIMIT 1;
# Time: 2021-03-02T10:53:33.820499Z
# User@Host: flopsecurity[flopsecurity] @  [172.25.0.6]  Id:  2242
# Query_time: 0.001002  Lock_time: 0.000687 Rows_sent: 0  Rows_examined: 0
SET timestamp=1614682413;
SELECT * FROM commentaires ORDER BY date_commentaire DESC LIMIT 4;
# Time: 2021-03-02T10:54:14.444374Z
# User@Host: flopsecurity[flopsecurity] @  [172.25.0.6]  Id:  2243
# Query_time: 0.000538  Lock_time: 0.000194 Rows_sent: 1  Rows_examined: 2
SET timestamp=1614682454;
SELECT * FROM commentaires ORDER BY date_commentaire DESC LIMIT 4;
# Time: 2021-03-02T10:54:33.855048Z
# User@Host: flopsecurity[flopsecurity] @  [172.25.0.6]  Id:  2244
# Query_time: 0.000643  Lock_time: 0.000253 Rows_sent: 2  Rows_examined: 4
SET timestamp=1614682473;
SELECT * FROM commentaires ORDER BY date_commentaire DESC LIMIT 4;
# Time: 2021-03-02T10:56:15.481243Z
# User@Host: flopsecurity[flopsecurity] @  [172.25.0.6]  Id:  2245
# Query_time: 0.000562  Lock_time: 0.000195 Rows_sent: 3  Rows_examined: 6
SET timestamp=1614682575;
SELECT * FROM commentaires ORDER BY date_commentaire DESC LIMIT 4;
# Time: 2021-03-02T10:56:45.384914Z
# User@Host: flopsecurity[flopsecurity] @  [172.25.0.6]  Id:  2246
# Query_time: 0.000615  Lock_time: 0.000226 Rows_sent: 4  Rows_examined: 8
SET timestamp=1614682605;
SELECT * FROM commentaires ORDER BY date_commentaire DESC LIMIT 4;
# Time: 2021-03-02T10:59:47.938093Z
# User@Host: flopsecurity[flopsecurity] @  [172.25.0.6]  Id:  2248
# Query_time: 0.001171  Lock_time: 0.000846 Rows_sent: 0  Rows_examined: 0
SET timestamp=1614682787;
SELECT * FROM commentaires ORDER BY date_commentaire DESC LIMIT 4;
# Time: 2021-03-02T11:02:36.818120Z
# User@Host: flopsecurity[flopsecurity] @  [172.25.0.6]  Id:  2249
# Query_time: 0.000558  Lock_time: 0.000205 Rows_sent: 1  Rows_examined: 2
SET timestamp=1614682956;
SELECT * FROM commentaires ORDER BY date_commentaire DESC LIMIT 4;
# Time: 2021-03-02T11:02:55.117680Z
# User@Host: flopsecurity[flopsecurity] @  [172.25.0.6]  Id:  2250
# Query_time: 0.000659  Lock_time: 0.000207 Rows_sent: 2  Rows_examined: 4
SET timestamp=1614682975;
SELECT * FROM commentaires ORDER BY date_commentaire DESC LIMIT 4;
# Time: 2021-03-02T11:05:17.920808Z
# User@Host: flopsecurity[flopsecurity] @  [172.25.0.6]  Id:  2252
# Query_time: 0.001016  Lock_time: 0.000696 Rows_sent: 0  Rows_examined: 0
SET timestamp=1614683117;
SELECT * FROM commentaires ORDER BY date_commentaire DESC LIMIT 4;
# Time: 2021-03-02T11:05:28.457872Z
# User@Host: flopsecurity[flopsecurity] @  [172.25.0.6]  Id:  2253
# Query_time: 0.000607  Lock_time: 0.000254 Rows_sent: 1  Rows_examined: 2
SET timestamp=1614683128;
SELECT * FROM commentaires ORDER BY date_commentaire DESC LIMIT 4;
# Time: 2021-03-02T11:39:55.879299Z
# User@Host: flopsecurity[flopsecurity] @  [172.25.0.6]  Id:  2255
# Query_time: 0.000553  Lock_time: 0.000204 Rows_sent: 1  Rows_examined: 2
SET timestamp=1614685195;
SELECT * FROM commentaires ORDER BY date_commentaire DESC LIMIT 4;
# Time: 2021-03-02T11:44:43.202705Z
# User@Host: flopsecurity[flopsecurity] @  [172.25.0.6]  Id:  2257
# Query_time: 0.000679  Lock_time: 0.000250 Rows_sent: 2  Rows_examined: 4
SET timestamp=1614685483;
SELECT * FROM commentaires ORDER BY date_commentaire DESC LIMIT 4;
# Time: 2021-03-02T11:44:57.202588Z
# User@Host: flopsecurity[flopsecurity] @  [172.25.0.6]  Id:  2261
# Query_time: 0.001354  Lock_time: 0.001018 Rows_sent: 0  Rows_examined: 0
SET timestamp=1614685497;
SELECT * FROM commentaires ORDER BY date_commentaire DESC LIMIT 4;
# Time: 2021-03-02T11:45:04.616290Z
# User@Host: flopsecurity[flopsecurity] @  [172.25.0.6]  Id:  2262
# Query_time: 0.000611  Lock_time: 0.000298 Rows_sent: 0  Rows_examined: 0
SET timestamp=1614685504;
SELECT * FROM commentaires ORDER BY date_commentaire DESC LIMIT 4;
# Time: 2021-03-02T11:45:20.742087Z
# User@Host: flopsecurity[flopsecurity] @  [172.25.0.6]  Id:  2264
# Query_time: 0.000632  Lock_time: 0.000313 Rows_sent: 0  Rows_examined: 0
SET timestamp=1614685520;
SELECT * FROM commentaires ORDER BY date_commentaire DESC LIMIT 4;
# Time: 2021-03-02T11:45:27.186208Z
# User@Host: flopsecurity[flopsecurity] @  [172.25.0.6]  Id:  2266
# Query_time: 0.000589  Lock_time: 0.000295 Rows_sent: 0  Rows_examined: 0
SET timestamp=1614685527;
SELECT * FROM commentaires ORDER BY date_commentaire DESC LIMIT 4;
# Time: 2021-03-02T11:48:13.710066Z
# User@Host: flopsecurity[flopsecurity] @  [172.25.0.6]  Id:  2268
# Query_time: 0.000700  Lock_time: 0.000381 Rows_sent: 0  Rows_examined: 0
SET timestamp=1614685693;
SELECT * FROM commentaires ORDER BY date_commentaire DESC LIMIT 4;
# Time: 2021-03-02T11:54:25.280053Z
# User@Host: flopsecurity[flopsecurity] @  [172.25.0.6]  Id:  2270
# Query_time: 0.001019  Lock_time: 0.000698 Rows_sent: 0  Rows_examined: 0
SET timestamp=1614686065;
SELECT * FROM commentaires ORDER BY date_commentaire DESC LIMIT 4;
# Time: 2021-03-02T11:59:07.654632Z
# User@Host: flopsecurity[flopsecurity] @  [172.25.0.6]  Id:  2272
# Query_time: 0.000565  Lock_time: 0.000280 Rows_sent: 0  Rows_examined: 0
SET timestamp=1614686347;
SELECT * FROM commentaires ORDER BY date_commentaire DESC LIMIT 4;
# Time: 2021-03-02T11:59:33.315487Z
# User@Host: flopsecurity[flopsecurity] @  [172.25.0.6]  Id:  2275
# Query_time: 0.001011  Lock_time: 0.000690 Rows_sent: 0  Rows_examined: 0
SET timestamp=1614686373;
SELECT * FROM commentaires ORDER BY date_commentaire DESC LIMIT 4;
# Time: 2021-03-02T11:59:37.990629Z
# User@Host: flopsecurity[flopsecurity] @  [172.25.0.6]  Id:  2276
# Query_time: 0.000606  Lock_time: 0.000297 Rows_sent: 0  Rows_examined: 0
SET timestamp=1614686377;
SELECT * FROM commentaires ORDER BY date_commentaire DESC LIMIT 4;
# Time: 2021-03-02T11:59:54.166253Z
# User@Host: flopsecurity[flopsecurity] @  [172.25.0.6]  Id:  2278
# Query_time: 0.000569  Lock_time: 0.000280 Rows_sent: 0  Rows_examined: 0
SET timestamp=1614686394;
SELECT * FROM commentaires ORDER BY date_commentaire DESC LIMIT 4;
# Time: 2021-03-02T12:00:27.443844Z
# User@Host: flopsecurity[flopsecurity] @  [172.25.0.6]  Id:  2280
# Query_time: 0.000611  Lock_time: 0.000298 Rows_sent: 0  Rows_examined: 0
SET timestamp=1614686427;
SELECT * FROM commentaires ORDER BY date_commentaire DESC LIMIT 4;
# Time: 2021-03-02T12:00:59.310109Z
# User@Host: flopsecurity[flopsecurity] @  [172.25.0.6]  Id:  2282
# Query_time: 0.000631  Lock_time: 0.000312 Rows_sent: 0  Rows_examined: 0
SET timestamp=1614686459;
SELECT * FROM commentaires ORDER BY date_commentaire DESC LIMIT 4;
# Time: 2021-03-02T12:02:58.356172Z
# User@Host: flopsecurity[flopsecurity] @  [172.25.0.6]  Id:  2283
# Query_time: 0.000535  Lock_time: 0.000212 Rows_sent: 1  Rows_examined: 2
SET timestamp=1614686578;
SELECT * FROM commentaires ORDER BY date_commentaire DESC LIMIT 4;
# Time: 2021-03-02T12:03:31.768058Z
# User@Host: flopsecurity[flopsecurity] @  [172.25.0.6]  Id:  2284
# Query_time: 0.001936  Lock_time: 0.000253 Rows_sent: 2  Rows_examined: 4
SET timestamp=1614686611;
SELECT * FROM commentaires ORDER BY date_commentaire DESC LIMIT 4;
# Time: 2021-03-02T12:03:42.758783Z
# User@Host: flopsecurity[flopsecurity] @  [172.25.0.6]  Id:  2285
# Query_time: 0.000561  Lock_time: 0.000200 Rows_sent: 3  Rows_examined: 6
SET timestamp=1614686622;
SELECT * FROM commentaires ORDER BY date_commentaire DESC LIMIT 4;
# Time: 2021-03-02T12:04:08.688281Z
# User@Host: flopsecurity[flopsecurity] @  [172.25.0.6]  Id:  2286
# Query_time: 0.000752  Lock_time: 0.000280 Rows_sent: 4  Rows_examined: 8
SET timestamp=1614686648;
SELECT * FROM commentaires ORDER BY date_commentaire DESC LIMIT 4;
# Time: 2021-03-02T12:04:15.827048Z
# User@Host: flopsecurity[flopsecurity] @  [172.25.0.6]  Id:  2287
# Query_time: 0.000683  Lock_time: 0.000299 Rows_sent: 4  Rows_examined: 8
SET timestamp=1614686655;
SELECT * FROM commentaires ORDER BY date_commentaire DESC LIMIT 4;
# Time: 2021-03-02T12:04:20.339407Z
# User@Host: flopsecurity[flopsecurity] @  [172.25.0.6]  Id:  2288
# Query_time: 0.000737  Lock_time: 0.000301 Rows_sent: 4  Rows_examined: 8
SET timestamp=1614686660;
SELECT * FROM commentaires ORDER BY date_commentaire DESC LIMIT 4;
# Time: 2021-03-02T12:05:18.727900Z
# User@Host: flopsecurity[flopsecurity] @  [172.25.0.6]  Id:  2291
# Query_time: 0.001246  Lock_time: 0.000850 Rows_sent: 0  Rows_examined: 0
SET timestamp=1614686718;
SELECT * FROM commentaires ORDER BY date_commentaire DESC LIMIT 4;
# Time: 2021-03-02T12:05:23.207512Z
# User@Host: flopsecurity[flopsecurity] @  [172.25.0.6]  Id:  2292
# Query_time: 0.000613  Lock_time: 0.000301 Rows_sent: 0  Rows_examined: 0
SET timestamp=1614686723;
SELECT * FROM commentaires ORDER BY date_commentaire DESC LIMIT 4;
# Time: 2021-03-02T12:05:53.326905Z
# User@Host: flopsecurity[flopsecurity] @  [172.25.0.6]  Id:  2293
# Query_time: 0.000540  Lock_time: 0.000219 Rows_sent: 1  Rows_examined: 2
SET timestamp=1614686753;
SELECT * FROM commentaires ORDER BY date_commentaire DESC LIMIT 4;
# Time: 2021-03-02T12:34:18.597155Z
# User@Host: flopsecurity[flopsecurity] @  [172.25.0.6]  Id:  2296
# Query_time: 0.000668  Lock_time: 0.000332 Rows_sent: 1  Rows_examined: 2
SET timestamp=1614688458;
SELECT `utilisateur_id`, `type` FROM utilisateurs WHERE `email` = "admin@example.com" AND `password` = "PHP";
# Time: 2021-03-02T12:35:05.438754Z
# User@Host: flopsecurity[flopsecurity] @  [172.25.0.6]  Id:  2297
# Query_time: 0.000663  Lock_time: 0.000331 Rows_sent: 0  Rows_examined: 2
SET timestamp=1614688505;
SELECT `utilisateur_id`, `type` FROM utilisateurs WHERE `email` = "admin@example.com" AND `password` = "PPH";
# Time: 2021-03-02T12:35:50.414217Z
# User@Host: flopsecurity[flopsecurity] @  [172.25.0.6]  Id:  2298
# Query_time: 0.000623  Lock_time: 0.000397 Rows_sent: 0  Rows_examined: 2
SET timestamp=1614688550;
SELECT `utilisateur_id`, `type` FROM utilisateurs WHERE `email` = "" AND `password` = "";
# Time: 2021-03-03T09:53:56.222560Z
# User@Host: flopsecurity[flopsecurity] @  [172.25.0.6]  Id:  2302
# Query_time: 0.000838  Lock_time: 0.000460 Rows_sent: 0  Rows_examined: 2
SET timestamp=1614765236;
SELECT `utilisateur_id`, `type` FROM utilisateurs WHERE `email` = "fabrice1618@gmail.com" AND `password` = "fibonacci1618";
# Time: 2021-03-03T09:54:34.957996Z
# User@Host: flopsecurity[flopsecurity] @  [172.25.0.6]  Id:  2303
# Query_time: 0.000939  Lock_time: 0.000582 Rows_sent: 1  Rows_examined: 1
SET timestamp=1614765274;
SELECT `utilisateur_id`, `type` FROM utilisateurs WHERE `email` = "" OR 1 LIMIT 1;
# Time: 2021-03-03T09:54:36.299925Z
# User@Host: flopsecurity[flopsecurity] @  [172.25.0.6]  Id:  2304
# Query_time: 0.001236  Lock_time: 0.000860 Rows_sent: 0  Rows_examined: 0
SET timestamp=1614765276;
SELECT * FROM commentaires ORDER BY date_commentaire DESC LIMIT 4;
# Time: 2021-03-03T09:58:18.578260Z
# User@Host: flopsecurity[flopsecurity] @  [172.25.0.6]  Id:  2306
# Query_time: 0.004612  Lock_time: 0.001635 Rows_sent: 0  Rows_examined: 0
SET timestamp=1614765498;
SELECT * FROM commentaires ORDER BY date_commentaire DESC LIMIT 4;
# Time: 2021-03-03T10:30:57.211647Z
# User@Host: flopsecurity[flopsecurity] @  [172.25.0.6]  Id:  2308
# Query_time: 0.000849  Lock_time: 0.000460 Rows_sent: 1  Rows_examined: 2
SET timestamp=1614767457;
SELECT `utilisateur_id`, `type` FROM utilisateurs WHERE `email` = "admin@example.com" AND `password` = "PHP";
# Time: 2021-03-03T10:31:03.680718Z
# User@Host: flopsecurity[flopsecurity] @  [172.25.0.6]  Id:  2309
# Query_time: 0.001259  Lock_time: 0.000869 Rows_sent: 0  Rows_examined: 0
SET timestamp=1614767463;
SELECT * FROM commentaires ORDER BY date_commentaire DESC LIMIT 4;
# Time: 2021-03-03T10:31:10.847844Z
# User@Host: flopsecurity[flopsecurity] @  [172.25.0.6]  Id:  2310
# Query_time: 0.000859  Lock_time: 0.000510 Rows_sent: 1  Rows_examined: 1
SET timestamp=1614767470;
SELECT `utilisateur_id`, `type` FROM utilisateurs WHERE `email` = "" OR 1 LIMIT 1;
# Time: 2021-03-03T10:31:11.969726Z
# User@Host: flopsecurity[flopsecurity] @  [172.25.0.6]  Id:  2311
# Query_time: 0.000870  Lock_time: 0.000405 Rows_sent: 0  Rows_examined: 0
SET timestamp=1614767471;
SELECT * FROM commentaires ORDER BY date_commentaire DESC LIMIT 4;
# Time: 2021-03-03T10:31:54.133804Z
# User@Host: flopsecurity[flopsecurity] @  [172.25.0.6]  Id:  2312
# Query_time: 0.000726  Lock_time: 0.000235 Rows_sent: 1  Rows_examined: 2
SET timestamp=1614767514;
SELECT * FROM commentaires ORDER BY date_commentaire DESC LIMIT 4;
# Time: 2021-03-03T10:32:14.356721Z
# User@Host: flopsecurity[flopsecurity] @  [172.25.0.6]  Id:  2313
# Query_time: 0.002674  Lock_time: 0.000318 Rows_sent: 2  Rows_examined: 4
SET timestamp=1614767534;
SELECT * FROM commentaires ORDER BY date_commentaire DESC LIMIT 4;
# Time: 2021-03-03T10:32:20.004806Z
# User@Host: flopsecurity[flopsecurity] @  [172.25.0.6]  Id:  2314
# Query_time: 0.004087  Lock_time: 0.000266 Rows_sent: 3  Rows_examined: 6
SET timestamp=1614767540;
SELECT * FROM commentaires ORDER BY date_commentaire DESC LIMIT 4;
# Time: 2021-03-03T10:32:47.873908Z
# User@Host: flopsecurity[flopsecurity] @  [172.25.0.6]  Id:  2315
# Query_time: 0.000898  Lock_time: 0.000263 Rows_sent: 4  Rows_examined: 8
SET timestamp=1614767567;
SELECT * FROM commentaires ORDER BY date_commentaire DESC LIMIT 4;
# Time: 2021-03-03T10:37:28.717011Z
# User@Host: flopsecurity[flopsecurity] @  [172.25.0.6]  Id:  2317
# Query_time: 0.000853  Lock_time: 0.000502 Rows_sent: 1  Rows_examined: 1
SET timestamp=1614767848;
SELECT `utilisateur_id`, `type` FROM utilisateurs WHERE `email` = "" OR 1 LIMIT 1;
# Time: 2021-03-03T10:38:18.292451Z
# User@Host: flopsecurity[flopsecurity] @  [172.25.0.6]  Id:  2318
# Query_time: 0.001201  Lock_time: 0.000837 Rows_sent: 0  Rows_examined: 0
SET timestamp=1614767898;
SELECT * FROM commentaires ORDER BY date_commentaire DESC LIMIT 4;
# Time: 2021-03-03T10:38:43.552581Z
# User@Host: flopsecurity[flopsecurity] @  [172.25.0.6]  Id:  2319
# Query_time: 0.000720  Lock_time: 0.000230 Rows_sent: 1  Rows_examined: 2
SET timestamp=1614767923;
SELECT * FROM commentaires ORDER BY date_commentaire DESC LIMIT 4;
# Time: 2021-03-03T10:45:17.590542Z
# User@Host: flopsecurity[flopsecurity] @  [172.25.0.6]  Id:  2321
# Query_time: 0.001271  Lock_time: 0.000899 Rows_sent: 0  Rows_examined: 0
SET timestamp=1614768317;
SELECT * FROM commentaires ORDER BY date_commentaire DESC LIMIT 4;
